gpl.cpp::main()
  input file(tests/t054.gpl)
  random seed(42)
  read_keypresses_from_standard_input(false)
  dump_pixels(false)
  symbol_table(true)
  graphics(false)

gpl.cpp::main() Calling yyparse()

Integer constant -->7<--
Integer constant -->2<--
Integer constant -->7<--
Double constant -->4.2<--
Integer constant -->7<--
String constant -->apples<--
Double constant -->12.5<--
Integer constant -->2<--
Double constant -->12.5<--
Double constant -->4.2<--
Double constant -->12.5<--
String constant -->apples<--
String constant -->bobbing<--
Integer constant -->2<--
String constant -->bobbing<--
Double constant -->4.2<--
String constant -->bobbing<--
String constant -->apples<--

gpl.cpp::main() after call to yyparse().

No errors found (parser probably worked correctly).


Printing the symbol table from main()
int g = 42

int f = 42

int i = 42

int e = 42

int c = 42

int h = 42

int b = 42

int d = 42

int a = 42

Graphics is turned off by the Makefile.  Program exiting.

gpl.cpp::main() done.
