gpl.cpp::main()
  input file(tests/t056.gpl)
  random seed(42)
  read_keypresses_from_standard_input(false)
  dump_pixels(false)
  symbol_table(true)
  graphics(false)

gpl.cpp::main() Calling yyparse()

Integer constant -->7<--
Integer constant -->2<--
Integer constant -->7<--
Double constant -->4.2<--
Integer constant -->7<--
String constant -->apples<--
Double constant -->12.5<--
Integer constant -->2<--
Double constant -->12.5<--
Double constant -->4.2<--
Double constant -->12.5<--
String constant -->apples<--
String constant -->bobbing<--
Integer constant -->2<--
String constant -->bobbing<--
Double constant -->4.2<--
String constant -->bobbing<--
String constant -->apples<--

gpl.cpp::main() after call to yyparse().

No errors found (parser probably worked correctly).


Printing the symbol table from main()
string g = "Hello world"

string f = "Hello world"

string i = "Hello world"

string e = "Hello world"

string c = "Hello world"

string h = "Hello world"

string b = "Hello world"

string d = "Hello world"

string a = "Hello world"

Graphics is turned off by the Makefile.  Program exiting.

gpl.cpp::main() done.
