gpl.cpp::main()
  input file(tests/t103.gpl)
  random seed(42)
  read_keypresses_from_standard_input(false)
  dump_pixels(false)
  symbol_table(true)
  graphics(false)

gpl.cpp::main() Calling yyparse()

Double constant -->42<--
Double constant -->42<--
Double constant -->42<--
Double constant -->42.42<--
Double constant -->42.42<--
Double constant -->0.42<--
Integer constant -->1<--
Double constant -->42<--
Double constant -->3.5<--
Double constant -->12.1<--

gpl.cpp::main() after call to yyparse().

No errors found (parser probably worked correctly).


Printing the symbol table from main()
