gpl.cpp::main()
  input file(tests/t120.gpl)
  random seed(42)
  read_keypresses_from_standard_input(false)
  dump_pixels(false)
  symbol_table(true)
  graphics(false)

gpl.cpp::main() Calling yyparse()

String constant --><--
String constant -->hello<--
String constant -->world<--
String constant --> <--
String constant -->hello<--
String constant -->world<--
String constant -->hello<--
String constant --><--
String constant -->world<--
String constant -->world<--
String constant --><--
String constant -->world<--
String constant --> <--

gpl.cpp::main() after call to yyparse().

No errors found (parser probably worked correctly).


Printing the symbol table from main()
string ah = "Hello world"

string ae = "Hello world"

string ad = "Hello world"

string ac = "Hello world"

string ab = "Hello world"

string aa = "Hello world"

string ai = "Hello world"

string space_string = "Hello world"

string world = "Hello world"

string ag = "Hello world"

string hello = "Hello world"

string af = "Hello world"

string empty_string = "Hello world"

Graphics is turned off by the Makefile.  Program exiting.

gpl.cpp::main() done.
