gpl.cpp::main()
  input file(tests/t127.gpl)
  random seed(42)
  read_keypresses_from_standard_input(false)
  dump_pixels(false)
  symbol_table(true)
  graphics(false)

gpl.cpp::main() Calling yyparse()

Integer constant -->1<--
Integer constant -->4<--
Integer constant -->3<--
Integer constant -->1<--
Integer constant -->4<--
Integer constant -->3<--

gpl.cpp::main() after call to yyparse().

No errors found (parser probably worked correctly).


Printing the symbol table from main()
int b = 42

int a = 42

Graphics is turned off by the Makefile.  Program exiting.

gpl.cpp::main() done.
