gpl.cpp::main()
  input file(tests/t134.gpl)
  random seed(42)
  read_keypresses_from_standard_input(false)
  dump_pixels(false)
  symbol_table(true)
  graphics(false)

gpl.cpp::main() Calling yyparse()

Double constant -->1.2<--
Double constant -->1.2<--
Integer constant -->2<--
Double constant -->2.5<--
Double constant -->1.9999<--
Double constant -->2.0001<--

gpl.cpp::main() after call to yyparse().

No errors found (parser probably worked correctly).


Printing the symbol table from main()
int f = 42

int e = 42

int c = 42

int b = 42

int d = 42

int a = 42

Graphics is turned off by the Makefile.  Program exiting.

gpl.cpp::main() done.
