gpl.cpp::main()
  input file(tests/t141.gpl)
  random seed(42)
  read_keypresses_from_standard_input(false)
  dump_pixels(false)
  symbol_table(true)
  graphics(false)

gpl.cpp::main() Calling yyparse()

Integer constant -->4<--
Integer constant -->46<--
Integer constant -->40<--
Integer constant -->2<--
Integer constant -->2<--
Integer constant -->44<--
Integer constant -->2<--
Integer constant -->40<--
Integer constant -->2<--
Integer constant -->40<--
Integer constant -->4<--
Integer constant -->46<--
Integer constant -->40<--
Integer constant -->2<--
Integer constant -->2<--
Integer constant -->44<--
Integer constant -->2<--
Integer constant -->40<--
Integer constant -->2<--
Integer constant -->40<--
Integer constant -->4<--
Double constant -->46.1<--
Double constant -->40.1<--
Integer constant -->2<--
Integer constant -->2<--
Double constant -->44.1<--
Double constant -->2.1<--
Integer constant -->40<--
Double constant -->2.1<--
Integer constant -->40<--

gpl.cpp::main() after call to yyparse().

No errors found (parser probably worked correctly).


Printing the symbol table from main()
