gpl.cpp::main()
  input file(tests/t197.gpl)
  random seed(42)
  read_keypresses_from_standard_input(false)
  dump_pixels(false)
  symbol_table(true)
  graphics(false)

gpl.cpp::main() Calling yyparse()

Integer constant -->1<--
Integer constant -->2<--
Integer constant -->3<--
Integer constant -->4<--
Integer constant -->5<--
Integer constant -->6<--
Integer constant -->7<--
Integer constant -->8<--
Integer constant -->9<--
Integer constant -->10<--
Integer constant -->11<--
Integer constant -->12<--
Integer constant -->13<--
Integer constant -->14<--
Integer constant -->15<--
Integer constant -->16<--
Integer constant -->17<--
Integer constant -->18<--
Integer constant -->19<--
Integer constant -->20<--
Integer constant -->21<--
Integer constant -->22<--
Integer constant -->23<--
Integer constant -->24<--
Integer constant -->25<--
Integer constant -->26<--

gpl.cpp::main() after call to yyparse().

No errors found (parser probably worked correctly).


Printing the symbol table from main()
