gpl.cpp::main()
  input file(tests/t199.gpl)
  random seed(42)
  read_keypresses_from_standard_input(false)
  dump_pixels(false)
  symbol_table(true)
  graphics(false)

gpl.cpp::main() Calling yyparse()

Double constant -->1.1<--
Double constant -->2.2<--
Double constant -->3.3<--
Double constant -->4.4<--
Double constant -->5.5<--
Double constant -->6.6<--
Double constant -->7.7<--
Double constant -->8.8<--
Double constant -->9.9<--
Double constant -->10.1<--
Double constant -->11.11<--
Double constant -->12.12<--
Double constant -->13.13<--
Double constant -->14.14<--
Double constant -->15.15<--
Double constant -->16.16<--
Double constant -->17.17<--
Double constant -->18.18<--
Double constant -->19.19<--
Double constant -->20.2<--
Double constant -->21.21<--
Double constant -->22.22<--
Double constant -->23.23<--
Double constant -->24.24<--
Double constant -->25.25<--
Double constant -->26.26<--

gpl.cpp::main() after call to yyparse().

No errors found (parser probably worked correctly).


Printing the symbol table from main()
